<?xml version="1.0" encoding="UTF-8"?>
<!-- Generated by org.testng.reporters.JUnitXMLReporter -->
<testsuite ignored="0" hostname="Bharath-PC" failures="0" tests="6" name="Surefire test" time="50.565" errors="0" timestamp="2024-01-16T21:38:40 IST">
  <testcase classname="org.testcases.ErrorvalidationsTest" name="loginerror" time="0.398">
    <skipped/>
  </testcase> <!-- loginerror -->
  <testcase classname="org.testcases.ErrorvalidationsTest" name="loginerror" time="0.382"/>
  <testcase classname="org.testcases.ErrorvalidationsTest" name="productCatelogError" time="8.486"/>
  <testcase classname="org.testcases.SubmitOrderTest" name="submitOrder" time="14.02"/>
  <testcase classname="org.testcases.SubmitOrderTest" name="submitOrder" time="13.91"/>
  <testcase classname="org.testcases.SubmitOrderTest" name="orderHistory" time="0.66"/>
</testsuite> <!-- Surefire test -->
