<?xml version="1.0" encoding="UTF-8"?>
<!-- Generated by org.testng.reporters.JUnitXMLReporter -->
<testsuite ignored="0" hostname="Bharath-PC" failures="0" tests="4" name="ErrorValidations" time="36.702" errors="0" timestamp="2024-01-16T20:06:22 IST">
  <testcase classname="org.testcases.ErrorvalidationsTest" name="loginerror" time="0.496">
    <skipped/>
  </testcase> <!-- loginerror -->
  <testcase classname="org.testcases.ErrorvalidationsTest" name="loginerror" time="0.368"/>
  <testcase classname="org.testcases.ErrorvalidationsTest" name="productCatelogError" time="13.328">
    <skipped/>
  </testcase> <!-- productCatelogError -->
  <testcase classname="org.testcases.ErrorvalidationsTest" name="productCatelogError" time="8.502"/>
</testsuite> <!-- ErrorValidations -->
