<?xml version="1.0" encoding="UTF-8"?>
<!-- Generated by org.testng.reporters.JUnitXMLReporter -->
<testsuite ignored="0" hostname="Bharath-PC" failures="0" tests="3" name="ErrorValidations" time="58.592" errors="0" timestamp="2024-01-22T23:04:58 IST">
  <testcase classname="org.testcases.ErrorvalidationsTest" name="loginerror" time="0.982"/>
  <testcase classname="org.testcases.ErrorvalidationsTest" name="productCatelogError" time="1.862">
    <skipped/>
  </testcase> <!-- productCatelogError -->
  <testcase classname="org.testcases.ErrorvalidationsTest" name="productCatelogError" time="8.601"/>
</testsuite> <!-- ErrorValidations -->
