<?xml version="1.0" encoding="UTF-8"?>
<testng-results ignored="0" total="1" passed="0" failed="1" skipped="0">
  <reporter-output>
  </reporter-output>
  <suite started-at="2024-01-17T23:04:13 IST" name="Default suite" finished-at="2024-01-17T23:04:18 IST" duration-ms="5354">
    <groups>
      <group name="cucumber">
        <method signature="AbstractTestNGCucumberTests.runScenario(io.cucumber.testng.PickleWrapper,io.cucumber.testng.FeatureWrapper)[pri:0, instance:cucumber.TestNGTestRunner@2accdbb5]" name="runScenario" class="io.cucumber.testng.AbstractTestNGCucumberTests"/>
      </group> <!-- cucumber -->
    </groups>
    <test started-at="2024-01-17T23:04:13 IST" name="Default test" finished-at="2024-01-17T23:04:18 IST" duration-ms="5354">
      <class name="cucumber.TestNGTestRunner">
        <test-method is-config="true" signature="setUpClass(org.testng.ITestContext)[pri:0, instance:cucumber.TestNGTestRunner@2accdbb5]" started-at="2024-01-17T23:04:13 IST" name="setUpClass" finished-at="2024-01-17T23:04:13 IST" duration-ms="497" status="PASS">
          <params>
            <param index="0">
              <value>
                <![CDATA[org.testng.TestRunner@5e922647]]>
              </value>
            </param>
          </params>
          <reporter-output>
          </reporter-output>
        </test-method> <!-- setUpClass -->
        <test-method signature="runScenario(io.cucumber.testng.PickleWrapper,io.cucumber.testng.FeatureWrapper)[pri:0, instance:cucumber.TestNGTestRunner@2accdbb5]" started-at="2024-01-17T23:04:13 IST" name="runScenario" description="Runs Cucumber Scenarios" data-provider="scenarios" finished-at="2024-01-17T23:04:18 IST" duration-ms="4768" status="FAIL">
          <params>
            <param index="0">
              <value>
                <![CDATA["sumbitting the order"]]>
              </value>
            </param>
            <param index="1">
              <value>
                <![CDATA["purchase the order"]]>
              </value>
            </param>
          </params>
          <exception class="java.lang.IllegalArgumentException">
            <message>
              <![CDATA[Input must be set]]>
            </message>
            <full-stacktrace>
              <![CDATA[java.lang.IllegalArgumentException: Input must be set
at org.openqa.selenium.internal.Require.nonNull(Require.java:60)
at org.openqa.selenium.support.ui.FluentWait.<init>(FluentWait.java:93)
at org.openqa.selenium.support.ui.WebDriverWait.<init>(WebDriverWait.java:74)
at org.openqa.selenium.support.ui.WebDriverWait.<init>(WebDriverWait.java:43)
at org.AbstractComponents.AbstractComponent.elementvisible(AbstractComponent.java:33)
at org.pages.ProductCatalog.getproductlist(ProductCatalog.java:34)
at stepDefinations.StepDefinationImp.I_add_the_product_from_the_cart(StepDefinationImp.java:43)
at ✽.I add the ZARA COAT 3 from the cart(file:///C:/Users/Bharath/eclipse-workspace/01-Jan-2024/Rahulshetty_01_01_2024/SeleniumFrameworkDesign/src/test/java/cucumber/SumbitOrder.feature:11)
]]>
            </full-stacktrace>
          </exception> <!-- java.lang.IllegalArgumentException -->
          <reporter-output>
          </reporter-output>
        </test-method> <!-- runScenario -->
        <test-method is-config="true" signature="tearDownClass()[pri:0, instance:cucumber.TestNGTestRunner@2accdbb5]" started-at="2024-01-17T23:04:18 IST" name="tearDownClass" finished-at="2024-01-17T23:04:18 IST" duration-ms="42" status="PASS">
          <reporter-output>
          </reporter-output>
        </test-method> <!-- tearDownClass -->
      </class> <!-- cucumber.TestNGTestRunner -->
    </test> <!-- Default test -->
  </suite> <!-- Default suite -->
</testng-results>
